<?xml version="1.0" encoding="UTF-8"?>
<!-- Generated by org.testng.reporters.JUnitReportReporter -->
<testsuite skipped="0" hostname="MS007" name="Test.NewTest2" tests="1" failures="0" timestamp="14 Sep 2017 22:26:22 GMT" time="0.015" errors="0">
  <testcase name="Test3" time="0.015" classname="Test.NewTest2"/>
</testsuite> <!-- Test.NewTest2 -->
