<?xml version="1.0" encoding="UTF-8"?>
<!-- Generated by org.testng.reporters.JUnitReportReporter -->
<testsuite skipped="0" hostname="MS007" name="Test.NewTest" tests="3" failures="0" timestamp="14 Sep 2017 22:53:07 GMT" time="0.016" errors="0">
  <testcase name="Test2" time="0.000" classname="Test.NewTest"/>
  <testcase name="Test1" time="0.016" classname="Test.NewTest"/>
  <testcase name="Test3" time="0.000" classname="Test.NewTest"/>
</testsuite> <!-- Test.NewTest -->
