<?xml version="1.0" encoding="UTF-8"?>
<!-- Generated by org.testng.reporters.JUnitReportReporter -->
<testsuite skipped="0" hostname="MS007" name="NewTest" tests="3" failures="0" timestamp="14 Sep 2017 18:53:03 GMT" time="0.014" errors="0">
  <testcase name="Test3" time="0.008" classname="NewTest"/>
  <testcase name="Test1" time="0.004" classname="NewTest"/>
  <testcase name="Test2" time="0.002" classname="NewTest"/>
</testsuite> <!-- NewTest -->
